Determining if the pthread_create exist failed with the following output:
Change Dir: /home/cameron/Documents/aware/dispcode_mongoapi/build/CMakeFiles/CMakeTmp

Run Build Command:/usr/bin/make "cmTryCompileExec2195736768/fast"
/usr/bin/make -f CMakeFiles/cmTryCompileExec2195736768.dir/build.make CMakeFiles/cmTryCompileExec2195736768.dir/build
make[1]: Entering directory '/mnt/hgfs/UbuntuDocuments/aware/dispcode_mongoapi/build/CMakeFiles/CMakeTmp'
/usr/bin/cmake -E cmake_progress_report /home/cameron/Documents/aware/dispcode_mongoapi/build/CMakeFiles/CMakeTmp/CMakeFiles 1
Building C object CMakeFiles/cmTryCompileExec2195736768.dir/CheckSymbolExists.c.o
/usr/bin/cc    -o CMakeFiles/cmTryCompileExec2195736768.dir/CheckSymbolExists.c.o   -c /home/cameron/Documents/aware/dispcode_mongoapi/build/CMakeFiles/CMakeTmp/CheckSymbolExists.c
Linking C executable cmTryCompileExec2195736768
/usr/bin/cmake -E cmake_link_script CMakeFiles/cmTryCompileExec2195736768.dir/link.txt --verbose=1
/usr/bin/cc       CMakeFiles/cmTryCompileExec2195736768.dir/CheckSymbolExists.c.o  -o cmTryCompileExec2195736768 -rdynamic 
CMakeFiles/cmTryCompileExec2195736768.dir/CheckSymbolExists.c.o: In function `main':
CheckSymbolExists.c:(.text+0x16): undefined reference to `pthread_create'
collect2: error: ld returned 1 exit status
CMakeFiles/cmTryCompileExec2195736768.dir/build.make:91: recipe for target 'cmTryCompileExec2195736768' failed
make[1]: Leaving directory '/mnt/hgfs/UbuntuDocuments/aware/dispcode_mongoapi/build/CMakeFiles/CMakeTmp'
make[1]: *** [cmTryCompileExec2195736768] Error 1
Makefile:117: recipe for target 'cmTryCompileExec2195736768/fast' failed
make: *** [cmTryCompileExec2195736768/fast] Error 2

File /home/cameron/Documents/aware/dispcode_mongoapi/build/CMakeFiles/CMakeTmp/CheckSymbolExists.c:
/* */
#include <pthread.h>

int main(int argc, char** argv)
{
  (void)argv;
#ifndef pthread_create
  return ((int*)(&pthread_create))[argc];
#else
  (void)argc;
  return 0;
#endif
}

Determining if the function pthread_create exists in the pthreads failed with the following output:
Change Dir: /home/cameron/Documents/aware/dispcode_mongoapi/build/CMakeFiles/CMakeTmp

Run Build Command:/usr/bin/make "cmTryCompileExec1615099151/fast"
/usr/bin/make -f CMakeFiles/cmTryCompileExec1615099151.dir/build.make CMakeFiles/cmTryCompileExec1615099151.dir/build
make[1]: Entering directory '/mnt/hgfs/UbuntuDocuments/aware/dispcode_mongoapi/build/CMakeFiles/CMakeTmp'
/usr/bin/cmake -E cmake_progress_report /home/cameron/Documents/aware/dispcode_mongoapi/build/CMakeFiles/CMakeTmp/CMakeFiles 1
Building C object CMakeFiles/cmTryCompileExec1615099151.dir/CheckFunctionExists.c.o
/usr/bin/cc   -DCHECK_FUNCTION_EXISTS=pthread_create   -o CMakeFiles/cmTryCompileExec1615099151.dir/CheckFunctionExists.c.o   -c /usr/share/cmake-2.8/Modules/CheckFunctionExists.c
Linking C executable cmTryCompileExec1615099151
/usr/bin/cmake -E cmake_link_script CMakeFiles/cmTryCompileExec1615099151.dir/link.txt --verbose=1
/usr/bin/cc   -DCHECK_FUNCTION_EXISTS=pthread_create    CMakeFiles/cmTryCompileExec1615099151.dir/CheckFunctionExists.c.o  -o cmTryCompileExec1615099151 -rdynamic -lpthreads 
/usr/bin/ld: cannot find -lpthreads
collect2: error: ld returned 1 exit status
CMakeFiles/cmTryCompileExec1615099151.dir/build.make:91: recipe for target 'cmTryCompileExec1615099151' failed
make[1]: Leaving directory '/mnt/hgfs/UbuntuDocuments/aware/dispcode_mongoapi/build/CMakeFiles/CMakeTmp'
make[1]: *** [cmTryCompileExec1615099151] Error 1
Makefile:117: recipe for target 'cmTryCompileExec1615099151/fast' failed
make: *** [cmTryCompileExec1615099151/fast] Error 2


